<?xml version='1.0'?>
<ns2:test-suite xmlns:ns2='urn:model.allure.qatools.yandex.ru' start='1663985818524' stop='1663985822321'>
    <name>Sign in</name>
    <title>Sign in</title>
    <test-cases>
        <test-case start='1663985818531' status='failed' stop='1663985822321'>
            <name>TC-28 Verify Child-age dropdowns are same as number of Children selected</name>
            <title>TC-28 Verify Child-age dropdowns are same as number of Children selected</title>
            <labels>
                <label name='language' value='javascript'/>
                <label name='framework' value='wdio'/>
                <label name='thread' value='0-0'/>
            </labels>
            <parameters>
                <parameter kind='argument' name='browser' value='chrome-105.0.5195.125'/>
            </parameters>
            <steps>
                <step start='1663985818532' status='passed' stop='1663985821519'>
                    <name>Given I am on hotels landing page</name>
                    <title>Given I am on hotels landing page</title>
                    <attachments/>
                    <steps/>
                </step>
                <step start='1663985821519' status='passed' stop='1663985821701'>
                    <name>When I click on Travelers</name>
                    <title>When I click on Travelers</title>
                    <attachments/>
                    <steps/>
                </step>
                <step start='1663985821701' status='passed' stop='1663985821960'>
                    <name>And I select "Children" as 2</name>
                    <title>And I select "Children" as 2</title>
                    <attachments/>
                    <steps/>
                </step>
                <step start='1663985821961' status='passed' stop='1663985822012'>
                    <name>Then I verify Children-age dropdown are 2</name>
                    <title>Then I verify Children-age dropdown are 2</title>
                    <attachments/>
                    <steps/>
                </step>
                <step start='1663985822012' status='failed' stop='1663985822321'>
                    <name>Then I verify plus-button is enabled</name>
                    <title>Then I verify plus-button is enabled</title>
                    <attachments>
                        <attachment title='Screenshot' source='dc05abf3-31c7-4c51-8658-b919556cec62-attachment.png' type='image/png' size='928535'/>
                    </attachments>
                    <steps/>
                </step>
            </steps>
            <attachments/>
            <failure>
                <message>AssertionError: expected [Function plusEnabled] to be true</message>
                <stack-trace>AssertionError: expected [Function plusEnabled] to be true
                    at World.&lt;anonymous> (/Users/tonychau/Documents/git/Js-Summer-Cucumber-2022/step-definitions/Hotels/homepageSD.js:85:45)
                    at process.processTicksAndRejections (node:internal/process/task_queues:95:5)</stack-trace>
            </failure>
        </test-case>
    </test-cases>
</ns2:test-suite>