<?xml version='1.0'?>
<ns2:test-suite xmlns:ns2='urn:model.allure.qatools.yandex.ru' start='1663997319291' stop='1663997330503'>
    <name>Sign in</name>
    <title>Sign in</title>
    <test-cases>
        <test-case start='1663997319300' status='failed' stop='1663997330502'>
            <name>TC-28 Verify Child-age dropdowns are same as number of Children selected</name>
            <title>TC-28 Verify Child-age dropdowns are same as number of Children selected</title>
            <labels>
                <label name='language' value='javascript'/>
                <label name='framework' value='wdio'/>
                <label name='thread' value='1-0'/>
            </labels>
            <parameters>
                <parameter kind='argument' name='browser' value='firefox-104.0.2'/>
            </parameters>
            <steps>
                <step start='1663997319301' status='passed' stop='1663997326333'>
                    <name>Given I am on hotels landing page</name>
                    <title>Given I am on hotels landing page</title>
                    <attachments/>
                    <steps/>
                </step>
                <step start='1663997326333' status='passed' stop='1663997326613'>
                    <name>When I click on Travelers</name>
                    <title>When I click on Travelers</title>
                    <attachments/>
                    <steps/>
                </step>
                <step start='1663997326613' status='passed' stop='1663997327128'>
                    <name>And I select "Children" as 2</name>
                    <title>And I select "Children" as 2</title>
                    <attachments/>
                    <steps/>
                </step>
                <step start='1663997327128' status='passed' stop='1663997327230'>
                    <name>Then I verify Children-age dropdown are 2</name>
                    <title>Then I verify Children-age dropdown are 2</title>
                    <attachments/>
                    <steps/>
                </step>
                <step start='1663997327230' status='passed' stop='1663997327240'>
                    <name>Then I verify plus-button is enabled</name>
                    <title>Then I verify plus-button is enabled</title>
                    <attachments/>
                    <steps/>
                </step>
                <step start='1663997327240' status='passed' stop='1663997327251'>
                    <name>Then I verify minus-button is enabled</name>
                    <title>Then I verify minus-button is enabled</title>
                    <attachments/>
                    <steps/>
                </step>
                <step start='1663997327251' status='passed' stop='1663997328295'>
                    <name>And I select "Children" as 6</name>
                    <title>And I select "Children" as 6</title>
                    <attachments/>
                    <steps/>
                </step>
                <step start='1663997328295' status='passed' stop='1663997328512'>
                    <name>Then I verify children-age dropdown are 6</name>
                    <title>Then I verify children-age dropdown are 6</title>
                    <attachments/>
                    <steps/>
                </step>
                <step start='1663997328512' status='passed' stop='1663997328524'>
                    <name>Then I verifiy plus button is disabled</name>
                    <title>Then I verifiy plus button is disabled</title>
                    <attachments/>
                    <steps/>
                </step>
                <step start='1663997328524' status='passed' stop='1663997328535'>
                    <name>Then I verify minus button is enabled</name>
                    <title>Then I verify minus button is enabled</title>
                    <attachments/>
                    <steps/>
                </step>
                <step start='1663997328535' status='passed' stop='1663997328798'>
                    <name>And I select "Children" as 5</name>
                    <title>And I select "Children" as 5</title>
                    <attachments/>
                    <steps/>
                </step>
                <step start='1663997328798' status='passed' stop='1663997328980'>
                    <name>Then I verify Children-age dropdown are 5</name>
                    <title>Then I verify Children-age dropdown are 5</title>
                    <attachments/>
                    <steps/>
                </step>
                <step start='1663997328980' status='passed' stop='1663997328995'>
                    <name>Then I verify plus button is enabled</name>
                    <title>Then I verify plus button is enabled</title>
                    <attachments/>
                    <steps/>
                </step>
                <step start='1663997328995' status='passed' stop='1663997329010'>
                    <name>Then I verify minus button is enabled</name>
                    <title>Then I verify minus button is enabled</title>
                    <attachments/>
                    <steps/>
                </step>
                <step start='1663997329010' status='passed' stop='1663997330309'>
                    <name>And I select "Children" as 0</name>
                    <title>And I select "Children" as 0</title>
                    <attachments/>
                    <steps/>
                </step>
                <step start='1663997330309' status='failed' stop='1663997330502'>
                    <name>Then I verify children-age dropdown is NOT displayed</name>
                    <title>Then I verify children-age dropdown is NOT displayed</title>
                    <attachments>
                        <attachment title='Screenshot' source='2500315e-877b-4463-9c14-b508aded0638-attachment.png' type='image/png' size='980805'/>
                    </attachments>
                    <steps/>
                </step>
            </steps>
            <attachments/>
            <failure>
                <message>AssertionError: children-age dropdown is displayed: expected Promise{…} to be false</message>
                <stack-trace>AssertionError: children-age dropdown is displayed: expected Promise{…} to be false
                    at World.&lt;anonymous> (/Users/tonychau/Documents/git/Js-Summer-Cucumber-2022/step-definitions/Hotels/homepageSD.js:132:85)
                    at process.processTicksAndRejections (node:internal/process/task_queues:95:5)
                    at async wrapPromiseWithTimeout (/Users/tonychau/Documents/git/Js-Summer-Cucumber-2022/node_modules/@cucumber/cucumber/lib/time.js:67:12)
                    at async Object.run (/Users/tonychau/Documents/git/Js-Summer-Cucumber-2022/node_modules/@cucumber/cucumber/lib/user_code_runner.js:64:22)
                    at async Object.run (/Users/tonychau/Documents/git/Js-Summer-Cucumber-2022/node_modules/@cucumber/cucumber/lib/runtime/step_runner.js:52:26)
                    at async TestCaseRunner.invokeStep (/Users/tonychau/Documents/git/Js-Summer-Cucumber-2022/node_modules/@cucumber/cucumber/lib/runtime/test_case_runner.js:93:16)
                    at async TestCaseRunner.runStep (/Users/tonychau/Documents/git/Js-Summer-Cucumber-2022/node_modules/@cucumber/cucumber/lib/runtime/test_case_runner.js:237:26)
                    at async /Users/tonychau/Documents/git/Js-Summer-Cucumber-2022/node_modules/@cucumber/cucumber/lib/runtime/test_case_runner.js:163:48</stack-trace>
            </failure>
        </test-case>
    </test-cases>
</ns2:test-suite>