<?xml version='1.0'?>
<ns2:test-suite xmlns:ns2='urn:model.allure.qatools.yandex.ru' start='1663997318913' stop='1663997324167'>
    <name>Sign in</name>
    <title>Sign in</title>
    <test-cases>
        <test-case start='1663997318926' status='failed' stop='1663997324166'>
            <name>TC-28 Verify Child-age dropdowns are same as number of Children selected</name>
            <title>TC-28 Verify Child-age dropdowns are same as number of Children selected</title>
            <labels>
                <label name='language' value='javascript'/>
                <label name='framework' value='wdio'/>
                <label name='thread' value='0-0'/>
            </labels>
            <parameters>
                <parameter kind='argument' name='browser' value='chrome-105.0.5195.125'/>
            </parameters>
            <steps>
                <step start='1663997318928' status='passed' stop='1663997322277'>
                    <name>Given I am on hotels landing page</name>
                    <title>Given I am on hotels landing page</title>
                    <attachments/>
                    <steps/>
                </step>
                <step start='1663997322277' status='passed' stop='1663997322504'>
                    <name>When I click on Travelers</name>
                    <title>When I click on Travelers</title>
                    <attachments/>
                    <steps/>
                </step>
                <step start='1663997322504' status='passed' stop='1663997322709'>
                    <name>And I select "Children" as 2</name>
                    <title>And I select "Children" as 2</title>
                    <attachments/>
                    <steps/>
                </step>
                <step start='1663997322709' status='passed' stop='1663997322764'>
                    <name>Then I verify Children-age dropdown are 2</name>
                    <title>Then I verify Children-age dropdown are 2</title>
                    <attachments/>
                    <steps/>
                </step>
                <step start='1663997322764' status='passed' stop='1663997322786'>
                    <name>Then I verify plus-button is enabled</name>
                    <title>Then I verify plus-button is enabled</title>
                    <attachments/>
                    <steps/>
                </step>
                <step start='1663997322786' status='passed' stop='1663997322809'>
                    <name>Then I verify minus-button is enabled</name>
                    <title>Then I verify minus-button is enabled</title>
                    <attachments/>
                    <steps/>
                </step>
                <step start='1663997322809' status='passed' stop='1663997323115'>
                    <name>And I select "Children" as 6</name>
                    <title>And I select "Children" as 6</title>
                    <attachments/>
                    <steps/>
                </step>
                <step start='1663997323115' status='passed' stop='1663997323238'>
                    <name>Then I verify children-age dropdown are 6</name>
                    <title>Then I verify children-age dropdown are 6</title>
                    <attachments/>
                    <steps/>
                </step>
                <step start='1663997323238' status='passed' stop='1663997323258'>
                    <name>Then I verifiy plus button is disabled</name>
                    <title>Then I verifiy plus button is disabled</title>
                    <attachments/>
                    <steps/>
                </step>
                <step start='1663997323258' status='passed' stop='1663997323277'>
                    <name>Then I verify minus button is enabled</name>
                    <title>Then I verify minus button is enabled</title>
                    <attachments/>
                    <steps/>
                </step>
                <step start='1663997323278' status='passed' stop='1663997323362'>
                    <name>And I select "Children" as 5</name>
                    <title>And I select "Children" as 5</title>
                    <attachments/>
                    <steps/>
                </step>
                <step start='1663997323362' status='passed' stop='1663997323439'>
                    <name>Then I verify Children-age dropdown are 5</name>
                    <title>Then I verify Children-age dropdown are 5</title>
                    <attachments/>
                    <steps/>
                </step>
                <step start='1663997323439' status='passed' stop='1663997323462'>
                    <name>Then I verify plus button is enabled</name>
                    <title>Then I verify plus button is enabled</title>
                    <attachments/>
                    <steps/>
                </step>
                <step start='1663997323462' status='passed' stop='1663997323480'>
                    <name>Then I verify minus button is enabled</name>
                    <title>Then I verify minus button is enabled</title>
                    <attachments/>
                    <steps/>
                </step>
                <step start='1663997323480' status='passed' stop='1663997323862'>
                    <name>And I select "Children" as 0</name>
                    <title>And I select "Children" as 0</title>
                    <attachments/>
                    <steps/>
                </step>
                <step start='1663997323862' status='failed' stop='1663997324166'>
                    <name>Then I verify children-age dropdown is NOT displayed</name>
                    <title>Then I verify children-age dropdown is NOT displayed</title>
                    <attachments>
                        <attachment title='Screenshot' source='0993fd52-dce9-4d4f-baec-92db77e608b5-attachment.png' type='image/png' size='1025615'/>
                    </attachments>
                    <steps/>
                </step>
            </steps>
            <attachments/>
            <failure>
                <message>AssertionError: children-age dropdown is displayed: expected Promise{…} to be false</message>
                <stack-trace>AssertionError: children-age dropdown is displayed: expected Promise{…} to be false
                    at World.&lt;anonymous> (/Users/tonychau/Documents/git/Js-Summer-Cucumber-2022/step-definitions/Hotels/homepageSD.js:132:85)
                    at process.processTicksAndRejections (node:internal/process/task_queues:95:5)
                    at async wrapPromiseWithTimeout (/Users/tonychau/Documents/git/Js-Summer-Cucumber-2022/node_modules/@cucumber/cucumber/lib/time.js:67:12)
                    at async Object.run (/Users/tonychau/Documents/git/Js-Summer-Cucumber-2022/node_modules/@cucumber/cucumber/lib/user_code_runner.js:64:22)
                    at async Object.run (/Users/tonychau/Documents/git/Js-Summer-Cucumber-2022/node_modules/@cucumber/cucumber/lib/runtime/step_runner.js:52:26)
                    at async TestCaseRunner.invokeStep (/Users/tonychau/Documents/git/Js-Summer-Cucumber-2022/node_modules/@cucumber/cucumber/lib/runtime/test_case_runner.js:93:16)
                    at async TestCaseRunner.runStep (/Users/tonychau/Documents/git/Js-Summer-Cucumber-2022/node_modules/@cucumber/cucumber/lib/runtime/test_case_runner.js:237:26)
                    at async /Users/tonychau/Documents/git/Js-Summer-Cucumber-2022/node_modules/@cucumber/cucumber/lib/runtime/test_case_runner.js:163:48</stack-trace>
            </failure>
        </test-case>
    </test-cases>
</ns2:test-suite>