<?xml version='1.0'?>
<ns2:test-suite xmlns:ns2='urn:model.allure.qatools.yandex.ru' start='1663973374629' stop='1663973383874'>
    <name>Sign in</name>
    <title>Sign in</title>
    <test-cases>
        <test-case start='1663973374639' status='failed' stop='1663973383873'>
            <name>Verify user can update number of guests on Home page</name>
            <title>Verify user can update number of guests on Home page</title>
            <labels>
                <label name='language' value='javascript'/>
                <label name='framework' value='wdio'/>
                <label name='thread' value='1-0'/>
            </labels>
            <parameters>
                <parameter kind='argument' name='browser' value='firefox-104.0.2'/>
            </parameters>
            <steps>
                <step start='1663973374640' status='passed' stop='1663973379747'>
                    <name>Given I am on hotels landing page</name>
                    <title>Given I am on hotels landing page</title>
                    <attachments/>
                    <steps/>
                </step>
                <step start='1663973379747' status='passed' stop='1663973380038'>
                    <name>When I click on Travelers</name>
                    <title>When I click on Travelers</title>
                    <attachments/>
                    <steps/>
                </step>
                <step start='1663973380038' status='passed' stop='1663973381084'>
                    <name>And I select "Adults" as 6</name>
                    <title>And I select "Adults" as 6</title>
                    <attachments/>
                    <steps/>
                </step>
                <step start='1663973381084' status='passed' stop='1663973381842'>
                    <name>And I select "Children" as 3</name>
                    <title>And I select "Children" as 3</title>
                    <attachments/>
                    <steps/>
                </step>
                <step start='1663973381842' status='passed' stop='1663973382390'>
                    <name>And I select first child as age 4</name>
                    <title>And I select first child as age 4</title>
                    <attachments/>
                    <steps/>
                </step>
                <step start='1663973382390' status='passed' stop='1663973382896'>
                    <name>And I select second child as under age 1</name>
                    <title>And I select second child as under age 1</title>
                    <attachments/>
                    <steps/>
                </step>
                <step start='1663973382896' status='passed' stop='1663973383421'>
                    <name>And I select third child as age 7</name>
                    <title>And I select third child as age 7</title>
                    <attachments/>
                    <steps/>
                </step>
                <step start='1663973383421' status='passed' stop='1663973383672'>
                    <name>And I click Done</name>
                    <title>And I click Done</title>
                    <attachments/>
                    <steps/>
                </step>
                <step start='1663973383673' status='failed' stop='1663973383873'>
                    <name>Then I Verify total number of guests in sum of adults and children as same as selected on step #3 and #4.</name>
                    <title>Then I Verify total number of guests in sum of adults and children as same as selected on step #3 and #4.</title>
                    <attachments>
                        <attachment title='Screenshot' source='9ee83bc1-d77d-436f-b4d0-072f090287ad-attachment.png' type='image/png' size='1082840'/>
                    </attachments>
                    <steps/>
                </step>
            </steps>
            <attachments/>
            <failure>
                <message>AssertionError: Total number of guest is NOT 9: expected undefined to deeply equal '//button[contains(text(),\'9 traveler…'</message>
                <stack-trace>AssertionError: Total number of guest is NOT 9: expected undefined to deeply equal '//button[contains(text(),\'9 traveler…'
                    at World.&lt;anonymous> (/Users/tonychau/Documents/git/Js-Summer-Cucumber-2022/step-definitions/Hotels/homepageSD.js:72:99)
                    at process.processTicksAndRejections (node:internal/process/task_queues:95:5)</stack-trace>
            </failure>
        </test-case>
    </test-cases>
</ns2:test-suite>