<?xml version='1.0'?>
<ns2:test-suite xmlns:ns2='urn:model.allure.qatools.yandex.ru' start='1664248763434' stop='1664248767872'>
    <name>Sprint 2</name>
    <title>Sprint 2</title>
    <test-cases>
        <test-case start='1664248763440' status='failed' stop='1664248767871'>
            <name>TC-17 Verify past dates and back button on Current month's calendar is disabled</name>
            <title>TC-17 Verify past dates and back button on Current month's calendar is disabled</title>
            <labels>
                <label name='language' value='javascript'/>
                <label name='framework' value='wdio'/>
                <label name='thread' value='0-0'/>
            </labels>
            <parameters>
                <parameter kind='argument' name='browser' value='chrome-105.0.5195.125'/>
            </parameters>
            <steps>
                <step start='1664248763441' status='passed' stop='1664248766934'>
                    <name>Given I am on hotels landing page</name>
                    <title>Given I am on hotels landing page</title>
                    <attachments/>
                    <steps/>
                </step>
                <step start='1664248766934' status='passed' stop='1664248767127'>
                    <name>When I click on "Dates"</name>
                    <title>When I click on "Dates"</title>
                    <attachments/>
                    <steps/>
                </step>
                <step start='1664248767127' status='passed' stop='1664248767527'>
                    <name>And I go to current month if not displayed</name>
                    <title>And I go to current month if not displayed</title>
                    <attachments/>
                    <steps/>
                </step>
                <step start='1664248767527' status='failed' stop='1664248767871'>
                    <name>Then I verify for the current month</name>
                    <title>Then I verify for the current month</title>
                    <attachments>
                        <attachment title='Screenshot' source='b53beb67-2462-418f-8384-80e00807c3a3-attachment.png' type='image/png' size='656009'/>
                    </attachments>
                    <steps/>
                </step>
            </steps>
            <attachments/>
            <failure>
                <message>AssertionError: the given combination of arguments (undefined and undefined) is invalid for this assertion. You can use an array, a map, an object, a set, a string, or a weakset instead of a undefined</message>
                <stack-trace>AssertionError: the given combination of arguments (undefined and undefined) is invalid for this assertion. You can use an array, a map, an object, a set, a string, or a weakset instead of a undefined
                    at World.&lt;anonymous> (/Users/tonychau/Documents/git/Js-Summer-Cucumber-2022/step-definitions/Hotels/homepageSD.js:173:84)
                    at process.processTicksAndRejections (node:internal/process/task_queues:95:5)</stack-trace>
            </failure>
        </test-case>
    </test-cases>
</ns2:test-suite>