<?xml version='1.0'?>
<ns2:test-suite xmlns:ns2='urn:model.allure.qatools.yandex.ru' start='1663972255821' stop='1663972263126'>
    <name>Sign in</name>
    <title>Sign in</title>
    <test-cases>
        <test-case start='1663972255840' status='failed' stop='1663972263125'>
            <name>Verify user can update number of guests on Home page</name>
            <title>Verify user can update number of guests on Home page</title>
            <labels>
                <label name='language' value='javascript'/>
                <label name='framework' value='wdio'/>
                <label name='thread' value='0-0'/>
            </labels>
            <parameters>
                <parameter kind='argument' name='browser' value='chrome-105.0.5195.125'/>
            </parameters>
            <steps>
                <step start='1663972255841' status='passed' stop='1663972259275'>
                    <name>Given I am on hotels landing page</name>
                    <title>Given I am on hotels landing page</title>
                    <attachments/>
                    <steps/>
                </step>
                <step start='1663972259276' status='passed' stop='1663972259429'>
                    <name>When I click on Travelers</name>
                    <title>When I click on Travelers</title>
                    <attachments/>
                    <steps/>
                </step>
                <step start='1663972259429' status='passed' stop='1663972260289'>
                    <name>And I select "Adults" as 6</name>
                    <title>And I select "Adults" as 6</title>
                    <attachments/>
                    <steps/>
                </step>
                <step start='1663972260289' status='passed' stop='1663972260578'>
                    <name>And I select "Children" as 3</name>
                    <title>And I select "Children" as 3</title>
                    <attachments/>
                    <steps/>
                </step>
                <step start='1663972260579' status='passed' stop='1663972261042'>
                    <name>And I select first child as age 4</name>
                    <title>And I select first child as age 4</title>
                    <attachments/>
                    <steps/>
                </step>
                <step start='1663972261042' status='passed' stop='1663972261753'>
                    <name>And I select second child as under age 1</name>
                    <title>And I select second child as under age 1</title>
                    <attachments/>
                    <steps/>
                </step>
                <step start='1663972261753' status='passed' stop='1663972262421'>
                    <name>And I select third child as age 7</name>
                    <title>And I select third child as age 7</title>
                    <attachments/>
                    <steps/>
                </step>
                <step start='1663972262421' status='passed' stop='1663972262744'>
                    <name>And I click Done</name>
                    <title>And I click Done</title>
                    <attachments/>
                    <steps/>
                </step>
                <step start='1663972262745' status='failed' stop='1663972263124'>
                    <name>Then I Verify total number of guests in sum of adults and children as same as selected on step #3 and #4.</name>
                    <title>Then I Verify total number of guests in sum of adults and children as same as selected on step #3 and #4.</title>
                    <attachments>
                        <attachment title='Screenshot' source='7cca5340-a563-4156-aad0-80403ce86b60-attachment.png' type='image/png' size='1032671'/>
                    </attachments>
                    <steps/>
                </step>
            </steps>
            <attachments/>
            <failure>
                <message>AssertionError: Total number of guest is NOT 9: expected undefined to equal '9 travelers, 1 room'</message>
                <stack-trace>AssertionError: Total number of guest is NOT 9: expected undefined to equal '9 travelers, 1 room'
                    at World.&lt;anonymous> (/Users/tonychau/Documents/git/Js-Summer-Cucumber-2022/step-definitions/Hotels/homepageSD.js:72:91)
                    at process.processTicksAndRejections (node:internal/process/task_queues:95:5)</stack-trace>
            </failure>
        </test-case>
    </test-cases>
</ns2:test-suite>