<?xml version='1.0'?>
<ns2:test-suite xmlns:ns2='urn:model.allure.qatools.yandex.ru' start='1664248826328' stop='1664248831775'>
    <name>Sprint 2</name>
    <title>Sprint 2</title>
    <test-cases>
        <test-case start='1664248826334' status='failed' stop='1664248831775'>
            <name>TC-17 Verify past dates and back button on Current month's calendar is disabled</name>
            <title>TC-17 Verify past dates and back button on Current month's calendar is disabled</title>
            <labels>
                <label name='language' value='javascript'/>
                <label name='framework' value='wdio'/>
                <label name='thread' value='1-0'/>
            </labels>
            <parameters>
                <parameter kind='argument' name='browser' value='firefox-104.0.2'/>
            </parameters>
            <steps>
                <step start='1664248826335' status='passed' stop='1664248830415'>
                    <name>Given I am on hotels landing page</name>
                    <title>Given I am on hotels landing page</title>
                    <attachments/>
                    <steps/>
                </step>
                <step start='1664248830415' status='passed' stop='1664248830725'>
                    <name>When I click on "Dates"</name>
                    <title>When I click on "Dates"</title>
                    <attachments/>
                    <steps/>
                </step>
                <step start='1664248830725' status='passed' stop='1664248831306'>
                    <name>And I go to current month if not displayed</name>
                    <title>And I go to current month if not displayed</title>
                    <attachments/>
                    <steps/>
                </step>
                <step start='1664248831306' status='failed' stop='1664248831775'>
                    <name>Then I verify for the current month</name>
                    <title>Then I verify for the current month</title>
                    <attachments>
                        <attachment title='Screenshot' source='d2b23863-071c-4750-be19-eaf5b559941d-attachment.png' type='image/png' size='605852'/>
                    </attachments>
                    <steps/>
                </step>
            </steps>
            <attachments/>
            <failure>
                <message>AssertionError: expected undefined to be a number</message>
                <stack-trace>AssertionError: expected undefined to be a number
                    at World.&lt;anonymous> (/Users/tonychau/Documents/git/Js-Summer-Cucumber-2022/step-definitions/Hotels/homepageSD.js:173:87)
                    at process.processTicksAndRejections (node:internal/process/task_queues:95:5)</stack-trace>
            </failure>
        </test-case>
    </test-cases>
</ns2:test-suite>