<?xml version='1.0'?>
<ns2:test-suite xmlns:ns2='urn:model.allure.qatools.yandex.ru' start='1664248966060' stop='1664248970130'>
    <name>Sprint 2</name>
    <title>Sprint 2</title>
    <test-cases>
        <test-case start='1664248966066' status='failed' stop='1664248970129'>
            <name>TC-17 Verify past dates and back button on Current month's calendar is disabled</name>
            <title>TC-17 Verify past dates and back button on Current month's calendar is disabled</title>
            <labels>
                <label name='language' value='javascript'/>
                <label name='framework' value='wdio'/>
                <label name='thread' value='0-0'/>
            </labels>
            <parameters>
                <parameter kind='argument' name='browser' value='chrome-105.0.5195.125'/>
            </parameters>
            <steps>
                <step start='1664248966067' status='passed' stop='1664248969246'>
                    <name>Given I am on hotels landing page</name>
                    <title>Given I am on hotels landing page</title>
                    <attachments/>
                    <steps/>
                </step>
                <step start='1664248969246' status='passed' stop='1664248969432'>
                    <name>When I click on "Dates"</name>
                    <title>When I click on "Dates"</title>
                    <attachments/>
                    <steps/>
                </step>
                <step start='1664248969433' status='passed' stop='1664248969811'>
                    <name>And I go to current month if not displayed</name>
                    <title>And I go to current month if not displayed</title>
                    <attachments/>
                    <steps/>
                </step>
                <step start='1664248969811' status='failed' stop='1664248970129'>
                    <name>Then I verify for the current month</name>
                    <title>Then I verify for the current month</title>
                    <attachments>
                        <attachment title='Screenshot' source='0f9a18cf-b78e-4adf-bb35-e62d9fa784b7-attachment.png' type='image/png' size='520684'/>
                    </attachments>
                    <steps/>
                </step>
            </steps>
            <attachments/>
            <failure>
                <message>AssertionError: expected undefined to equal 'September'</message>
                <stack-trace>AssertionError: expected undefined to equal 'September'
                    at World.&lt;anonymous> (/Users/tonychau/Documents/git/Js-Summer-Cucumber-2022/step-definitions/Hotels/homepageSD.js:173:84)
                    at process.processTicksAndRejections (node:internal/process/task_queues:95:5)</stack-trace>
            </failure>
        </test-case>
    </test-cases>
</ns2:test-suite>