<?xml version='1.0'?>
<ns2:test-suite xmlns:ns2='urn:model.allure.qatools.yandex.ru' start='1663987540311' stop='1663987545243'>
    <name>Sign in</name>
    <title>Sign in</title>
    <test-cases>
        <test-case start='1663987540319' status='failed' stop='1663987545242'>
            <name>TC-28 Verify Child-age dropdowns are same as number of Children selected</name>
            <title>TC-28 Verify Child-age dropdowns are same as number of Children selected</title>
            <labels>
                <label name='language' value='javascript'/>
                <label name='framework' value='wdio'/>
                <label name='thread' value='0-0'/>
            </labels>
            <parameters>
                <parameter kind='argument' name='browser' value='chrome-105.0.5195.125'/>
            </parameters>
            <steps>
                <step start='1663987540319' status='passed' stop='1663987543668'>
                    <name>Given I am on hotels landing page</name>
                    <title>Given I am on hotels landing page</title>
                    <attachments/>
                    <steps/>
                </step>
                <step start='1663987543668' status='passed' stop='1663987543837'>
                    <name>When I click on Travelers</name>
                    <title>When I click on Travelers</title>
                    <attachments/>
                    <steps/>
                </step>
                <step start='1663987543837' status='passed' stop='1663987544496'>
                    <name>And I select "Children" as 2</name>
                    <title>And I select "Children" as 2</title>
                    <attachments/>
                    <steps/>
                </step>
                <step start='1663987544497' status='passed' stop='1663987544548'>
                    <name>Then I verify Children-age dropdown are 2</name>
                    <title>Then I verify Children-age dropdown are 2</title>
                    <attachments/>
                    <steps/>
                </step>
                <step start='1663987544548' status='passed' stop='1663987544570'>
                    <name>Then I verify plus-button is enabled</name>
                    <title>Then I verify plus-button is enabled</title>
                    <attachments/>
                    <steps/>
                </step>
                <step start='1663987544570' status='passed' stop='1663987544591'>
                    <name>Then I verify minus-button is enabled</name>
                    <title>Then I verify minus-button is enabled</title>
                    <attachments/>
                    <steps/>
                </step>
                <step start='1663987544591' status='passed' stop='1663987544835'>
                    <name>And I select "Children" as 6</name>
                    <title>And I select "Children" as 6</title>
                    <attachments/>
                    <steps/>
                </step>
                <step start='1663987544835' status='passed' stop='1663987544988'>
                    <name>Then I verify children-age dropdown are 6</name>
                    <title>Then I verify children-age dropdown are 6</title>
                    <attachments/>
                    <steps/>
                </step>
                <step start='1663987544988' status='failed' stop='1663987545242'>
                    <name>Then I verifiy plus button is disabled</name>
                    <title>Then I verifiy plus button is disabled</title>
                    <attachments>
                        <attachment title='Screenshot' source='8a656862-c5de-4a4b-b0b7-1fa127c20a6c-attachment.png' type='image/png' size='684967'/>
                    </attachments>
                    <steps/>
                </step>
            </steps>
            <attachments/>
            <failure>
                <message>AssertionError: It is enabled: expected true to be false</message>
                <stack-trace>AssertionError: It is enabled: expected true to be false
                    + expected - actual
                
                    -true
                    +false
                
                    at World.&lt;anonymous> (/Users/tonychau/Documents/git/Js-Summer-Cucumber-2022/step-definitions/Hotels/homepageSD.js:104:68)
                    at process.processTicksAndRejections (node:internal/process/task_queues:95:5)</stack-trace>
            </failure>
        </test-case>
    </test-cases>
</ns2:test-suite>