<?xml version='1.0'?>
<ns2:test-suite xmlns:ns2='urn:model.allure.qatools.yandex.ru' start='1664248133508' stop='1664248138740'>
    <name>Sprint 2</name>
    <title>Sprint 2</title>
    <test-cases>
        <test-case start='1664248133514' status='failed' stop='1664248138739'>
            <name>TC-17 Verify past dates and back button on Current month's calendar is disabled</name>
            <title>TC-17 Verify past dates and back button on Current month's calendar is disabled</title>
            <labels>
                <label name='language' value='javascript'/>
                <label name='framework' value='wdio'/>
                <label name='thread' value='1-0'/>
            </labels>
            <parameters>
                <parameter kind='argument' name='browser' value='firefox-104.0.2'/>
            </parameters>
            <steps>
                <step start='1664248133515' status='passed' stop='1664248137312'>
                    <name>Given I am on hotels landing page</name>
                    <title>Given I am on hotels landing page</title>
                    <attachments/>
                    <steps/>
                </step>
                <step start='1664248137312' status='passed' stop='1664248137682'>
                    <name>When I click on "Dates"</name>
                    <title>When I click on "Dates"</title>
                    <attachments/>
                    <steps/>
                </step>
                <step start='1664248137682' status='passed' stop='1664248138272'>
                    <name>And I go to current month if not displayed</name>
                    <title>And I go to current month if not displayed</title>
                    <attachments/>
                    <steps/>
                </step>
                <step start='1664248138272' status='failed' stop='1664248138739'>
                    <name>Then I verify for the current month</name>
                    <title>Then I verify for the current month</title>
                    <attachments>
                        <attachment title='Screenshot' source='65b52aa2-b521-45f7-9207-c9a2929fffdf-attachment.png' type='image/png' size='554018'/>
                    </attachments>
                    <steps/>
                </step>
            </steps>
            <attachments/>
            <failure>
                <message>AssertionError: expected undefined to be true</message>
                <stack-trace>AssertionError: expected undefined to be true
                    at World.&lt;anonymous> (/Users/tonychau/Documents/git/Js-Summer-Cucumber-2022/step-definitions/Hotels/homepageSD.js:173:86)
                    at process.processTicksAndRejections (node:internal/process/task_queues:95:5)</stack-trace>
            </failure>
        </test-case>
    </test-cases>
</ns2:test-suite>