<?xml version='1.0'?>
<ns2:test-suite xmlns:ns2='urn:model.allure.qatools.yandex.ru' start='1663997489691' stop='1663997495165'>
    <name>Sign in</name>
    <title>Sign in</title>
    <test-cases>
        <test-case start='1663997489700' status='failed' stop='1663997495165'>
            <name>TC-28 Verify Child-age dropdowns are same as number of Children selected</name>
            <title>TC-28 Verify Child-age dropdowns are same as number of Children selected</title>
            <labels>
                <label name='language' value='javascript'/>
                <label name='framework' value='wdio'/>
                <label name='thread' value='0-0'/>
            </labels>
            <parameters>
                <parameter kind='argument' name='browser' value='chrome-105.0.5195.125'/>
            </parameters>
            <steps>
                <step start='1663997489701' status='passed' stop='1663997493247'>
                    <name>Given I am on hotels landing page</name>
                    <title>Given I am on hotels landing page</title>
                    <attachments/>
                    <steps/>
                </step>
                <step start='1663997493247' status='passed' stop='1663997493448'>
                    <name>When I click on Travelers</name>
                    <title>When I click on Travelers</title>
                    <attachments/>
                    <steps/>
                </step>
                <step start='1663997493448' status='passed' stop='1663997493709'>
                    <name>And I select "Children" as 2</name>
                    <title>And I select "Children" as 2</title>
                    <attachments/>
                    <steps/>
                </step>
                <step start='1663997493709' status='passed' stop='1663997493783'>
                    <name>Then I verify Children-age dropdown are 2</name>
                    <title>Then I verify Children-age dropdown are 2</title>
                    <attachments/>
                    <steps/>
                </step>
                <step start='1663997493783' status='passed' stop='1663997493804'>
                    <name>Then I verify plus-button is enabled</name>
                    <title>Then I verify plus-button is enabled</title>
                    <attachments/>
                    <steps/>
                </step>
                <step start='1663997493804' status='passed' stop='1663997493836'>
                    <name>Then I verify minus-button is enabled</name>
                    <title>Then I verify minus-button is enabled</title>
                    <attachments/>
                    <steps/>
                </step>
                <step start='1663997493836' status='passed' stop='1663997494121'>
                    <name>And I select "Children" as 6</name>
                    <title>And I select "Children" as 6</title>
                    <attachments/>
                    <steps/>
                </step>
                <step start='1663997494121' status='passed' stop='1663997494237'>
                    <name>Then I verify children-age dropdown are 6</name>
                    <title>Then I verify children-age dropdown are 6</title>
                    <attachments/>
                    <steps/>
                </step>
                <step start='1663997494237' status='passed' stop='1663997494255'>
                    <name>Then I verifiy plus button is disabled</name>
                    <title>Then I verifiy plus button is disabled</title>
                    <attachments/>
                    <steps/>
                </step>
                <step start='1663997494255' status='passed' stop='1663997494278'>
                    <name>Then I verify minus button is enabled</name>
                    <title>Then I verify minus button is enabled</title>
                    <attachments/>
                    <steps/>
                </step>
                <step start='1663997494278' status='passed' stop='1663997494354'>
                    <name>And I select "Children" as 5</name>
                    <title>And I select "Children" as 5</title>
                    <attachments/>
                    <steps/>
                </step>
                <step start='1663997494354' status='passed' stop='1663997494434'>
                    <name>Then I verify Children-age dropdown are 5</name>
                    <title>Then I verify Children-age dropdown are 5</title>
                    <attachments/>
                    <steps/>
                </step>
                <step start='1663997494434' status='passed' stop='1663997494452'>
                    <name>Then I verify plus button is enabled</name>
                    <title>Then I verify plus button is enabled</title>
                    <attachments/>
                    <steps/>
                </step>
                <step start='1663997494452' status='passed' stop='1663997494472'>
                    <name>Then I verify minus button is enabled</name>
                    <title>Then I verify minus button is enabled</title>
                    <attachments/>
                    <steps/>
                </step>
                <step start='1663997494472' status='passed' stop='1663997494843'>
                    <name>And I select "Children" as 0</name>
                    <title>And I select "Children" as 0</title>
                    <attachments/>
                    <steps/>
                </step>
                <step start='1663997494843' status='failed' stop='1663997495164'>
                    <name>Then I verify children-age dropdown is NOT displayed</name>
                    <title>Then I verify children-age dropdown is NOT displayed</title>
                    <attachments>
                        <attachment title='Screenshot' source='1b4d9ca2-6a8f-4b3d-960e-1e74a10535f8-attachment.png' type='image/png' size='1011722'/>
                    </attachments>
                    <steps/>
                </step>
            </steps>
            <attachments/>
            <failure>
                <message>AssertionError: children-age dropdown is displayed: expected false to be true</message>
                <stack-trace>AssertionError: children-age dropdown is displayed: expected false to be true
                    + expected - actual
                
                    -false
                    +true
                
                    at World.&lt;anonymous> (/Users/tonychau/Documents/git/Js-Summer-Cucumber-2022/step-definitions/Hotels/homepageSD.js:132:91)
                    at process.processTicksAndRejections (node:internal/process/task_queues:95:5)</stack-trace>
            </failure>
        </test-case>
    </test-cases>
</ns2:test-suite>