<?xml version='1.0'?>
<ns2:test-suite xmlns:ns2='urn:model.allure.qatools.yandex.ru' start='1663997490069' stop='1663997498788'>
    <name>Sign in</name>
    <title>Sign in</title>
    <test-cases>
        <test-case start='1663997490079' status='failed' stop='1663997498787'>
            <name>TC-28 Verify Child-age dropdowns are same as number of Children selected</name>
            <title>TC-28 Verify Child-age dropdowns are same as number of Children selected</title>
            <labels>
                <label name='language' value='javascript'/>
                <label name='framework' value='wdio'/>
                <label name='thread' value='1-0'/>
            </labels>
            <parameters>
                <parameter kind='argument' name='browser' value='firefox-104.0.2'/>
            </parameters>
            <steps>
                <step start='1663997490080' status='passed' stop='1663997494622'>
                    <name>Given I am on hotels landing page</name>
                    <title>Given I am on hotels landing page</title>
                    <attachments/>
                    <steps/>
                </step>
                <step start='1663997494622' status='passed' stop='1663997494916'>
                    <name>When I click on Travelers</name>
                    <title>When I click on Travelers</title>
                    <attachments/>
                    <steps/>
                </step>
                <step start='1663997494916' status='passed' stop='1663997495483'>
                    <name>And I select "Children" as 2</name>
                    <title>And I select "Children" as 2</title>
                    <attachments/>
                    <steps/>
                </step>
                <step start='1663997495483' status='passed' stop='1663997495559'>
                    <name>Then I verify Children-age dropdown are 2</name>
                    <title>Then I verify Children-age dropdown are 2</title>
                    <attachments/>
                    <steps/>
                </step>
                <step start='1663997495560' status='passed' stop='1663997495577'>
                    <name>Then I verify plus-button is enabled</name>
                    <title>Then I verify plus-button is enabled</title>
                    <attachments/>
                    <steps/>
                </step>
                <step start='1663997495578' status='passed' stop='1663997495595'>
                    <name>Then I verify minus-button is enabled</name>
                    <title>Then I verify minus-button is enabled</title>
                    <attachments/>
                    <steps/>
                </step>
                <step start='1663997495595' status='passed' stop='1663997496625'>
                    <name>And I select "Children" as 6</name>
                    <title>And I select "Children" as 6</title>
                    <attachments/>
                    <steps/>
                </step>
                <step start='1663997496625' status='passed' stop='1663997496835'>
                    <name>Then I verify children-age dropdown are 6</name>
                    <title>Then I verify children-age dropdown are 6</title>
                    <attachments/>
                    <steps/>
                </step>
                <step start='1663997496835' status='passed' stop='1663997496853'>
                    <name>Then I verifiy plus button is disabled</name>
                    <title>Then I verifiy plus button is disabled</title>
                    <attachments/>
                    <steps/>
                </step>
                <step start='1663997496853' status='passed' stop='1663997496864'>
                    <name>Then I verify minus button is enabled</name>
                    <title>Then I verify minus button is enabled</title>
                    <attachments/>
                    <steps/>
                </step>
                <step start='1663997496864' status='passed' stop='1663997497115'>
                    <name>And I select "Children" as 5</name>
                    <title>And I select "Children" as 5</title>
                    <attachments/>
                    <steps/>
                </step>
                <step start='1663997497115' status='passed' stop='1663997497292'>
                    <name>Then I verify Children-age dropdown are 5</name>
                    <title>Then I verify Children-age dropdown are 5</title>
                    <attachments/>
                    <steps/>
                </step>
                <step start='1663997497292' status='passed' stop='1663997497300'>
                    <name>Then I verify plus button is enabled</name>
                    <title>Then I verify plus button is enabled</title>
                    <attachments/>
                    <steps/>
                </step>
                <step start='1663997497300' status='passed' stop='1663997497311'>
                    <name>Then I verify minus button is enabled</name>
                    <title>Then I verify minus button is enabled</title>
                    <attachments/>
                    <steps/>
                </step>
                <step start='1663997497311' status='passed' stop='1663997498611'>
                    <name>And I select "Children" as 0</name>
                    <title>And I select "Children" as 0</title>
                    <attachments/>
                    <steps/>
                </step>
                <step start='1663997498611' status='failed' stop='1663997498787'>
                    <name>Then I verify children-age dropdown is NOT displayed</name>
                    <title>Then I verify children-age dropdown is NOT displayed</title>
                    <attachments>
                        <attachment title='Screenshot' source='df4ce167-aaeb-49d5-ae3a-7d62794edf70-attachment.png' type='image/png' size='953097'/>
                    </attachments>
                    <steps/>
                </step>
            </steps>
            <attachments/>
            <failure>
                <message>AssertionError: children-age dropdown is displayed: expected false to be true</message>
                <stack-trace>AssertionError: children-age dropdown is displayed: expected false to be true
                    + expected - actual
                
                    -false
                    +true
                
                    at World.&lt;anonymous> (/Users/tonychau/Documents/git/Js-Summer-Cucumber-2022/step-definitions/Hotels/homepageSD.js:132:91)
                    at process.processTicksAndRejections (node:internal/process/task_queues:95:5)</stack-trace>
            </failure>
        </test-case>
    </test-cases>
</ns2:test-suite>