<?xml version='1.0'?>
<ns2:test-suite xmlns:ns2='urn:model.allure.qatools.yandex.ru' start='1663997441310' stop='1663997446341'>
    <name>Sign in</name>
    <title>Sign in</title>
    <test-cases>
        <test-case start='1663997441321' status='failed' stop='1663997446340'>
            <name>TC-28 Verify Child-age dropdowns are same as number of Children selected</name>
            <title>TC-28 Verify Child-age dropdowns are same as number of Children selected</title>
            <labels>
                <label name='language' value='javascript'/>
                <label name='framework' value='wdio'/>
                <label name='thread' value='0-0'/>
            </labels>
            <parameters>
                <parameter kind='argument' name='browser' value='chrome-105.0.5195.125'/>
            </parameters>
            <steps>
                <step start='1663997441322' status='passed' stop='1663997444371'>
                    <name>Given I am on hotels landing page</name>
                    <title>Given I am on hotels landing page</title>
                    <attachments/>
                    <steps/>
                </step>
                <step start='1663997444371' status='passed' stop='1663997444535'>
                    <name>When I click on Travelers</name>
                    <title>When I click on Travelers</title>
                    <attachments/>
                    <steps/>
                </step>
                <step start='1663997444535' status='passed' stop='1663997444820'>
                    <name>And I select "Children" as 2</name>
                    <title>And I select "Children" as 2</title>
                    <attachments/>
                    <steps/>
                </step>
                <step start='1663997444820' status='passed' stop='1663997444887'>
                    <name>Then I verify Children-age dropdown are 2</name>
                    <title>Then I verify Children-age dropdown are 2</title>
                    <attachments/>
                    <steps/>
                </step>
                <step start='1663997444887' status='passed' stop='1663997444912'>
                    <name>Then I verify plus-button is enabled</name>
                    <title>Then I verify plus-button is enabled</title>
                    <attachments/>
                    <steps/>
                </step>
                <step start='1663997444912' status='passed' stop='1663997444932'>
                    <name>Then I verify minus-button is enabled</name>
                    <title>Then I verify minus-button is enabled</title>
                    <attachments/>
                    <steps/>
                </step>
                <step start='1663997444932' status='passed' stop='1663997445280'>
                    <name>And I select "Children" as 6</name>
                    <title>And I select "Children" as 6</title>
                    <attachments/>
                    <steps/>
                </step>
                <step start='1663997445280' status='passed' stop='1663997445446'>
                    <name>Then I verify children-age dropdown are 6</name>
                    <title>Then I verify children-age dropdown are 6</title>
                    <attachments/>
                    <steps/>
                </step>
                <step start='1663997445446' status='passed' stop='1663997445471'>
                    <name>Then I verifiy plus button is disabled</name>
                    <title>Then I verifiy plus button is disabled</title>
                    <attachments/>
                    <steps/>
                </step>
                <step start='1663997445471' status='passed' stop='1663997445488'>
                    <name>Then I verify minus button is enabled</name>
                    <title>Then I verify minus button is enabled</title>
                    <attachments/>
                    <steps/>
                </step>
                <step start='1663997445488' status='passed' stop='1663997445563'>
                    <name>And I select "Children" as 5</name>
                    <title>And I select "Children" as 5</title>
                    <attachments/>
                    <steps/>
                </step>
                <step start='1663997445563' status='passed' stop='1663997445651'>
                    <name>Then I verify Children-age dropdown are 5</name>
                    <title>Then I verify Children-age dropdown are 5</title>
                    <attachments/>
                    <steps/>
                </step>
                <step start='1663997445651' status='passed' stop='1663997445673'>
                    <name>Then I verify plus button is enabled</name>
                    <title>Then I verify plus button is enabled</title>
                    <attachments/>
                    <steps/>
                </step>
                <step start='1663997445673' status='passed' stop='1663997445691'>
                    <name>Then I verify minus button is enabled</name>
                    <title>Then I verify minus button is enabled</title>
                    <attachments/>
                    <steps/>
                </step>
                <step start='1663997445691' status='passed' stop='1663997446006'>
                    <name>And I select "Children" as 0</name>
                    <title>And I select "Children" as 0</title>
                    <attachments/>
                    <steps/>
                </step>
                <step start='1663997446006' status='failed' stop='1663997446340'>
                    <name>Then I verify children-age dropdown is NOT displayed</name>
                    <title>Then I verify children-age dropdown is NOT displayed</title>
                    <attachments>
                        <attachment title='Screenshot' source='20d6d30f-be7d-4b4f-8e35-7fb98c5ad618-attachment.png' type='image/png' size='909880'/>
                    </attachments>
                    <steps/>
                </step>
            </steps>
            <attachments/>
            <failure>
                <message>AssertionError: children-age dropdown is displayed: expected Promise{…} to be true</message>
                <stack-trace>AssertionError: children-age dropdown is displayed: expected Promise{…} to be true
                    at World.&lt;anonymous> (/Users/tonychau/Documents/git/Js-Summer-Cucumber-2022/step-definitions/Hotels/homepageSD.js:132:85)
                    at process.processTicksAndRejections (node:internal/process/task_queues:95:5)
                    at async wrapPromiseWithTimeout (/Users/tonychau/Documents/git/Js-Summer-Cucumber-2022/node_modules/@cucumber/cucumber/lib/time.js:67:12)
                    at async Object.run (/Users/tonychau/Documents/git/Js-Summer-Cucumber-2022/node_modules/@cucumber/cucumber/lib/user_code_runner.js:64:22)
                    at async Object.run (/Users/tonychau/Documents/git/Js-Summer-Cucumber-2022/node_modules/@cucumber/cucumber/lib/runtime/step_runner.js:52:26)
                    at async TestCaseRunner.invokeStep (/Users/tonychau/Documents/git/Js-Summer-Cucumber-2022/node_modules/@cucumber/cucumber/lib/runtime/test_case_runner.js:93:16)
                    at async TestCaseRunner.runStep (/Users/tonychau/Documents/git/Js-Summer-Cucumber-2022/node_modules/@cucumber/cucumber/lib/runtime/test_case_runner.js:237:26)
                    at async /Users/tonychau/Documents/git/Js-Summer-Cucumber-2022/node_modules/@cucumber/cucumber/lib/runtime/test_case_runner.js:163:48</stack-trace>
            </failure>
        </test-case>
    </test-cases>
</ns2:test-suite>