<?xml version='1.0'?>
<ns2:test-suite xmlns:ns2='urn:model.allure.qatools.yandex.ru' start='1663988046276' stop='1663988050905'>
    <name>Sign in</name>
    <title>Sign in</title>
    <test-cases>
        <test-case start='1663988046284' status='failed' stop='1663988050904'>
            <name>TC-28 Verify Child-age dropdowns are same as number of Children selected</name>
            <title>TC-28 Verify Child-age dropdowns are same as number of Children selected</title>
            <labels>
                <label name='language' value='javascript'/>
                <label name='framework' value='wdio'/>
                <label name='thread' value='0-0'/>
            </labels>
            <parameters>
                <parameter kind='argument' name='browser' value='chrome-105.0.5195.125'/>
            </parameters>
            <steps>
                <step start='1663988046285' status='passed' stop='1663988049218'>
                    <name>Given I am on hotels landing page</name>
                    <title>Given I am on hotels landing page</title>
                    <attachments/>
                    <steps/>
                </step>
                <step start='1663988049218' status='passed' stop='1663988049388'>
                    <name>When I click on Travelers</name>
                    <title>When I click on Travelers</title>
                    <attachments/>
                    <steps/>
                </step>
                <step start='1663988049388' status='passed' stop='1663988050062'>
                    <name>And I select "Children" as 2</name>
                    <title>And I select "Children" as 2</title>
                    <attachments/>
                    <steps/>
                </step>
                <step start='1663988050062' status='passed' stop='1663988050116'>
                    <name>Then I verify Children-age dropdown are 2</name>
                    <title>Then I verify Children-age dropdown are 2</title>
                    <attachments/>
                    <steps/>
                </step>
                <step start='1663988050116' status='passed' stop='1663988050139'>
                    <name>Then I verify plus-button is enabled</name>
                    <title>Then I verify plus-button is enabled</title>
                    <attachments/>
                    <steps/>
                </step>
                <step start='1663988050139' status='passed' stop='1663988050164'>
                    <name>Then I verify minus-button is enabled</name>
                    <title>Then I verify minus-button is enabled</title>
                    <attachments/>
                    <steps/>
                </step>
                <step start='1663988050164' status='passed' stop='1663988050496'>
                    <name>And I select "Children" as 6</name>
                    <title>And I select "Children" as 6</title>
                    <attachments/>
                    <steps/>
                </step>
                <step start='1663988050496' status='passed' stop='1663988050609'>
                    <name>Then I verify children-age dropdown are 6</name>
                    <title>Then I verify children-age dropdown are 6</title>
                    <attachments/>
                    <steps/>
                </step>
                <step start='1663988050609' status='failed' stop='1663988050904'>
                    <name>Then I verifiy plus button is disabled</name>
                    <title>Then I verifiy plus button is disabled</title>
                    <attachments>
                        <attachment title='Screenshot' source='4d936e03-ae22-4081-a2b2-f14c2913394d-attachment.png' type='image/png' size='862488'/>
                    </attachments>
                    <steps/>
                </step>
            </steps>
            <attachments/>
            <failure>
                <message>AssertionError: Plus button is NOT enabled: expected true to be false</message>
                <stack-trace>AssertionError: Plus button is NOT enabled: expected true to be false
                    + expected - actual
                
                    -true
                    +false
                
                    at World.&lt;anonymous> (/Users/tonychau/Documents/git/Js-Summer-Cucumber-2022/step-definitions/Hotels/homepageSD.js:104:77)
                    at process.processTicksAndRejections (node:internal/process/task_queues:95:5)</stack-trace>
            </failure>
        </test-case>
    </test-cases>
</ns2:test-suite>