<?xml version='1.0'?>
<ns2:test-suite xmlns:ns2='urn:model.allure.qatools.yandex.ru' start='1663972322802' stop='1663972331518'>
    <name>Sign in</name>
    <title>Sign in</title>
    <test-cases>
        <test-case start='1663972322813' status='failed' stop='1663972331515'>
            <name>Verify user can update number of guests on Home page</name>
            <title>Verify user can update number of guests on Home page</title>
            <labels>
                <label name='language' value='javascript'/>
                <label name='framework' value='wdio'/>
                <label name='thread' value='0-0'/>
            </labels>
            <parameters>
                <parameter kind='argument' name='browser' value='chrome-105.0.5195.125'/>
            </parameters>
            <steps>
                <step start='1663972322814' status='passed' stop='1663972327871'>
                    <name>Given I am on hotels landing page</name>
                    <title>Given I am on hotels landing page</title>
                    <attachments/>
                    <steps/>
                </step>
                <step start='1663972327871' status='passed' stop='1663972327978'>
                    <name>When I click on Travelers</name>
                    <title>When I click on Travelers</title>
                    <attachments/>
                    <steps/>
                </step>
                <step start='1663972327978' status='passed' stop='1663972328823'>
                    <name>And I select "Adults" as 6</name>
                    <title>And I select "Adults" as 6</title>
                    <attachments/>
                    <steps/>
                </step>
                <step start='1663972328823' status='passed' stop='1663972329030'>
                    <name>And I select "Children" as 3</name>
                    <title>And I select "Children" as 3</title>
                    <attachments/>
                    <steps/>
                </step>
                <step start='1663972329030' status='passed' stop='1663972329486'>
                    <name>And I select first child as age 4</name>
                    <title>And I select first child as age 4</title>
                    <attachments/>
                    <steps/>
                </step>
                <step start='1663972329486' status='passed' stop='1663972330181'>
                    <name>And I select second child as under age 1</name>
                    <title>And I select second child as under age 1</title>
                    <attachments/>
                    <steps/>
                </step>
                <step start='1663972330181' status='passed' stop='1663972330810'>
                    <name>And I select third child as age 7</name>
                    <title>And I select third child as age 7</title>
                    <attachments/>
                    <steps/>
                </step>
                <step start='1663972330810' status='passed' stop='1663972331118'>
                    <name>And I click Done</name>
                    <title>And I click Done</title>
                    <attachments/>
                    <steps/>
                </step>
                <step start='1663972331118' status='failed' stop='1663972331515'>
                    <name>Then I Verify total number of guests in sum of adults and children as same as selected on step #3 and #4.</name>
                    <title>Then I Verify total number of guests in sum of adults and children as same as selected on step #3 and #4.</title>
                    <attachments>
                        <attachment title='Screenshot' source='7116fc28-21f7-42f0-8a61-923db8c035ab-attachment.png' type='image/png' size='1032687'/>
                    </attachments>
                    <steps/>
                </step>
            </steps>
            <attachments/>
            <failure>
                <message>AssertionError: Total number of guest is NOT 9: expected undefined to equal 'Travelers:'</message>
                <stack-trace>AssertionError: Total number of guest is NOT 9: expected undefined to equal 'Travelers:'
                    at World.&lt;anonymous> (/Users/tonychau/Documents/git/Js-Summer-Cucumber-2022/step-definitions/Hotels/homepageSD.js:72:91)
                    at process.processTicksAndRejections (node:internal/process/task_queues:95:5)</stack-trace>
            </failure>
        </test-case>
    </test-cases>
</ns2:test-suite>